<?xml version="1.0" encoding="UTF-8"?>
<testsuite name="org.example.QueryStringsTest" tests="1" skipped="0" failures="0" errors="0" timestamp="2023-07-07T07:21:29" hostname="finallyfinnui-MacBookPro.local" time="0.061">
  <properties/>
  <testcase name="createTest()" classname="org.example.QueryStringsTest" time="0.061"/>
  <system-out><![CDATA[]]></system-out>
  <system-err><![CDATA[]]></system-err>
</testsuite>
